Vivado Simulator v2022.2
Copyright 1986-1999, 2001-2022 Xilinx, Inc. All Rights Reserved.
Running: C:/Xilinx/Vivado/2022.2/bin/unwrapped/win64.o/xelab.exe --incr --debug typical --relax --mt 2 -L xil_defaultlib -L secureip -L xpm --snapshot design_senzor_wrapper_behav xil_defaultlib.design_senzor_wrapper -log elaborate.log 
Using 2 slave threads.
Starting static elaboration
WARNING: [VRFC 10-3813] value in initialization depends on signal 'temp' [D:/FPGA/afisare_temperatura_i2c/afisare_temperatura_i2c.srcs/sources_1/new/citire.vhd:21]
Completed static elaboration
Starting simulation data flow analysis
Completed simulation data flow analysis
Time Resolution for simulation is 1ps
Compiling package std.standard
Compiling package std.textio
Compiling package ieee.std_logic_1164
Compiling package ieee.numeric_std
Compiling package unisim.vcomponents
Compiling package ieee.math_real
Compiling package ieee.std_logic_arith
Compiling package ieee.std_logic_unsigned
Compiling architecture behavioral of entity xil_defaultlib.afis [afis_default]
Compiling architecture design_senzor_afis_0_0_arch of entity xil_defaultlib.design_senzor_afis_0_0 [design_senzor_afis_0_0_default]
Compiling architecture behavior of entity xil_defaultlib.controler [controler_default]
Compiling architecture design_senzor_controler_0_0_arch of entity xil_defaultlib.design_senzor_controler_0_0 [design_senzor_controler_0_0_defa...]
Compiling architecture logic of entity xil_defaultlib.i2c_master [i2c_master_default]
Compiling architecture design_senzor_i2c_master_0_0_arch of entity xil_defaultlib.design_senzor_i2c_master_0_0 [design_senzor_i2c_master_0_0_def...]
Compiling architecture behavioral of entity xil_defaultlib.i2c_read [i2c_read_default]
Compiling architecture design_senzor_i2c_read_0_0_arch of entity xil_defaultlib.design_senzor_i2c_read_0_0 [design_senzor_i2c_read_0_0_defau...]
Compiling architecture structure of entity xil_defaultlib.design_senzor [design_senzor_default]
Compiling architecture structure of entity xil_defaultlib.design_senzor_wrapper
Built simulation snapshot design_senzor_wrapper_behav
